<?xml version="1.0" encoding="UTF-8"?>
<!-- Generated by org.testng.reporters.JUnitReportReporter -->
<testsuite hostname="DESKTOP-1CCS179" failures="0" tests="1" name="testLayer.BuyProductTest" time="22.750" errors="0" timestamp="2022-11-02T09:34:35 IST" skipped="0">
  <testcase classname="testLayer.BuyProductTest" name="test" time="22.750"/>
  <system-out/>
</testsuite> <!-- testLayer.BuyProductTest -->
